#
# There is insufficient memory for the Java Runtime Environment to continue.
# Native memory allocation (malloc) failed to allocate 131088 bytes for Chunk::new
# Possible reasons:
#   The system is out of physical RAM or swap space
#   In 32 bit mode, the process size limit was hit
# Possible solutions:
#   Reduce memory load on the system
#   Increase physical memory or swap space
#   Check if swap backing store is full
#   Use 64 bit Java on a 64 bit OS
#   Decrease Java heap size (-Xmx/-Xms)
#   Decrease number of Java threads
#   Decrease Java thread stack sizes (-Xss)
#   Set larger code cache with -XX:ReservedCodeCacheSize=
# This output file may be truncated or incomplete.
#
#  Out of Memory Error (allocation.cpp:390), pid=9272, tid=0x00000000000025ac
#
# JRE version: OpenJDK Runtime Environment (8.0_112-b06) (build 1.8.0_112-release-b06)
# Java VM: OpenJDK 64-Bit Server VM (25.112-b06 mixed mode windows-amd64 compressed oops)
# Failed to write core dump. Minidumps are not enabled by default on client versions of Windows
#

---------------  T H R E A D  ---------------

Current thread (0x0000000017ca9000):  JavaThread "C2 CompilerThread1" daemon [_thread_in_native, id=9644, stack(0x00000000183a0000,0x00000000184a0000)]

Stack: [0x00000000183a0000,0x00000000184a0000]
[error occurred during error reporting (printing stack bounds), id 0xc0000005]

Native frames: (J=compiled Java code, j=interpreted, Vv=VM code, C=native code)


Current CompileTask:
C2:1070464 14353       4       org.gradle.api.internal.project.taskfactory.DefaultTaskClassValidatorExtractor$2::visitType (256 bytes)


---------------  P R O C E S S  ---------------

Java Threads: ( => current thread )
  0x000000001c49b800 JavaThread "Stdin handler" [_thread_blocked, id=9444, stack(0x0000000026b30000,0x0000000026c30000)]
  0x000000001c497000 JavaThread "Asynchronous log dispatcher for DefaultDaemonConnection: socket connection from /127.0.0.1:19627 to /127.0.0.1:21371" [_thread_blocked, id=8176, stack(0x0000000026a30000,0x0000000026b30000)]
  0x000000001c49a800 JavaThread "Daemon worker Thread 4" [_thread_in_native, id=7096, stack(0x0000000026930000,0x0000000026a30000)]
  0x000000001c499000 JavaThread "Cancel handler" [_thread_blocked, id=10988, stack(0x0000000026830000,0x0000000026930000)]
  0x000000001c494800 JavaThread "Handler for socket connection from /127.0.0.1:19627 to /127.0.0.1:21371" [_thread_in_native, id=3628, stack(0x0000000026730000,0x0000000026830000)]
  0x000000001c49a000 JavaThread "Daemon Thread 4" [_thread_blocked, id=6016, stack(0x0000000026630000,0x0000000026730000)]
  0x000000001c4a0000 JavaThread "pool-9-thread-1" [_thread_blocked, id=8436, stack(0x0000000025230000,0x0000000025330000)]
  0x000000001980d800 JavaThread "File lock request listener" [_thread_in_native, id=9600, stack(0x000000001be70000,0x000000001bf70000)]
  0x0000000019279000 JavaThread "pool-1-thread-1" [_thread_blocked, id=3120, stack(0x000000001b770000,0x000000001b870000)]
  0x0000000019c0e800 JavaThread "Incoming local TCP Connector on port 19627" [_thread_in_native, id=7768, stack(0x000000001b140000,0x000000001b240000)]
  0x00000000168bd800 JavaThread "Service Thread" daemon [_thread_blocked, id=8908, stack(0x00000000185a0000,0x00000000186a0000)]
  0x0000000017cb0000 JavaThread "C1 CompilerThread2" daemon [_thread_blocked, id=4380, stack(0x00000000184a0000,0x00000000185a0000)]
=>0x0000000017ca9000 JavaThread "C2 CompilerThread1" daemon [_thread_in_native, id=9644, stack(0x00000000183a0000,0x00000000184a0000)]
  0x000000001686d000 JavaThread "C2 CompilerThread0" daemon [_thread_in_native, id=7748, stack(0x00000000182a0000,0x00000000183a0000)]
  0x000000001686c000 JavaThread "Attach Listener" daemon [_thread_blocked, id=6004, stack(0x00000000181a0000,0x00000000182a0000)]
  0x00000000168b9800 JavaThread "Signal Dispatcher" daemon [_thread_blocked, id=8456, stack(0x00000000180a0000,0x00000000181a0000)]
  0x0000000002dfb800 JavaThread "Finalizer" daemon [_thread_blocked, id=9920, stack(0x0000000017ab0000,0x0000000017bb0000)]
  0x0000000002df1000 JavaThread "Reference Handler" daemon [_thread_blocked, id=9752, stack(0x00000000179b0000,0x0000000017ab0000)]
  0x0000000002d01000 JavaThread "main" [_thread_blocked, id=1108, stack(0x0000000002860000,0x0000000002960000)]

Other Threads:
  0x0000000016824800 VMThread [stack: 0x00000000178b0000,0x00000000179b0000] [id=10472]
  0x00000000168be000 WatcherThread [stack: 0x00000000186a0000,0x00000000187a0000] [id=6956]

VM state:not at safepoint (normal execution)

VM Mutex/Monitor currently owned by a thread: None

Heap:
 PSYoungGen      total 211968K, used 146277K [0x00000000e0000000, 0x00000000f2b80000, 0x0000000100000000)
  eden space 204288K, 67% used [0x00000000e0000000,0x00000000e876d750,0x00000000ec780000)
  from space 7680K, 98% used [0x00000000f0800000,0x00000000f0f6bde0,0x00000000f0f80000)
  to   space 28672K, 0% used [0x00000000f0f80000,0x00000000f0f80000,0x00000000f2b80000)
 ParOldGen       total 104960K, used 54604K [0x00000000a0000000, 0x00000000a6680000, 0x00000000e0000000)
  object space 104960K, 52% used [0x00000000a0000000,0x00000000a3553330,0x00000000a6680000)
 Metaspace       used 70876K, capacity 74198K, committed 74328K, reserved 1114112K
  class space    used 9238K, capacity 9850K, committed 9856K, reserved 1048576K

Card table byte_map: [0x00000000122b0000,0x00000000125c0000] byte_map_base: 0x0000000011db0000

Marking Bits: (ParMarkBitMap*) 0x000000005fdd18f0
 Begin Bits: [0x0000000012bc0000, 0x00000000143c0000)
 End Bits:   [0x00000000143c0000, 0x0000000015bc0000)

Polling page: 0x0000000000b40000

CodeCache: size=245760Kb used=41669Kb max_used=41725Kb free=204090Kb
 bounds [0x0000000002ef0000, 0x00000000057e0000, 0x0000000011ef0000]
 total_blobs=12794 nmethods=11993 adapters=712
 compilation: enabled

Compilation events (10 events):
Event: 1070.323 Thread 0x0000000017cb0000 14362       1       java.util.AbstractMap$SimpleImmutableEntry::getValue (5 bytes)
Event: 1070.324 Thread 0x0000000017cb0000 nmethod 14362 0x00000000052f6890 code [0x00000000052f69e0, 0x00000000052f6af0]
Event: 1070.325 Thread 0x0000000017cb0000 14364       1       com.google.common.base.Absent::orNull (2 bytes)
Event: 1070.325 Thread 0x0000000017cb0000 nmethod 14364 0x000000000574b6d0 code [0x000000000574b820, 0x000000000574b930]
Event: 1070.325 Thread 0x0000000017cb0000 14365       3       org.gradle.plugin.internal.PluginId::equals (41 bytes)
Event: 1070.326 Thread 0x0000000017cb0000 nmethod 14365 0x000000000578fd50 code [0x000000000578fee0, 0x00000000057903e8]
Event: 1070.328 Thread 0x0000000017cb0000 14366       3       java.lang.invoke.LambdaForm$MH/2059174745::linkToTargetMethod (11 bytes)
Event: 1070.329 Thread 0x0000000017cb0000 nmethod 14366 0x000000000578f610 code [0x000000000578f780, 0x000000000578fc78]
Event: 1070.329 Thread 0x0000000017cb0000 14367       3       java.lang.invoke.LambdaForm$DMH/194707680::invokeStatic_L3_L (18 bytes)
Event: 1070.329 Thread 0x0000000017cb0000 nmethod 14367 0x000000000578ed90 code [0x000000000578ef20, 0x000000000578f4d8]

GC Heap History (10 events):
Event: 26.441 GC heap before
{Heap before GC invocations=14 (full 2):
 PSYoungGen      total 187392K, used 68691K [0x00000000e0000000, 0x00000000f0c80000, 0x0000000100000000)
  eden space 168960K, 29% used [0x00000000e0000000,0x00000000e311ccc8,0x00000000ea500000)
  from space 18432K, 99% used [0x00000000ea500000,0x00000000eb6f8218,0x00000000eb700000)
  to   space 25600K, 0% used [0x00000000ef380000,0x00000000ef380000,0x00000000f0c80000)
 ParOldGen       total 57344K, used 34636K [0x00000000a0000000, 0x00000000a3800000, 0x00000000e0000000)
  object space 57344K, 60% used [0x00000000a0000000,0x00000000a21d3020,0x00000000a3800000)
 Metaspace       used 56637K, capacity 59034K, committed 59096K, reserved 1099776K
  class space    used 7682K, capacity 8178K, committed 8192K, reserved 1048576K
Event: 26.460 GC heap after
Heap after GC invocations=14 (full 2):
 PSYoungGen      total 247296K, used 19609K [0x00000000e0000000, 0x00000000f0f80000, 0x0000000100000000)
  eden space 221696K, 0% used [0x00000000e0000000,0x00000000e0000000,0x00000000ed880000)
  from space 25600K, 76% used [0x00000000ef380000,0x00000000f06a6780,0x00000000f0c80000)
  to   space 27648K, 0% used [0x00000000ed880000,0x00000000ed880000,0x00000000ef380000)
 ParOldGen       total 57344K, used 38388K [0x00000000a0000000, 0x00000000a3800000, 0x00000000e0000000)
  object space 57344K, 66% used [0x00000000a0000000,0x00000000a257d208,0x00000000a3800000)
 Metaspace       used 56637K, capacity 59034K, committed 59096K, reserved 1099776K
  class space    used 7682K, capacity 8178K, committed 8192K, reserved 1048576K
}
Event: 26.460 GC heap before
{Heap before GC invocations=15 (full 3):
 PSYoungGen      total 247296K, used 19609K [0x00000000e0000000, 0x00000000f0f80000, 0x0000000100000000)
  eden space 221696K, 0% used [0x00000000e0000000,0x00000000e0000000,0x00000000ed880000)
  from space 25600K, 76% used [0x00000000ef380000,0x00000000f06a6780,0x00000000f0c80000)
  to   space 27648K, 0% used [0x00000000ed880000,0x00000000ed880000,0x00000000ef380000)
 ParOldGen       total 57344K, used 38388K [0x00000000a0000000, 0x00000000a3800000, 0x00000000e0000000)
  object space 57344K, 66% used [0x00000000a0000000,0x00000000a257d208,0x00000000a3800000)
 Metaspace       used 56637K, capacity 59034K, committed 59096K, reserved 1099776K
  class space    used 7682K, capacity 8178K, committed 8192K, reserved 1048576K
Event: 26.627 GC heap after
Heap after GC invocations=15 (full 3):
 PSYoungGen      total 247296K, used 0K [0x00000000e0000000, 0x00000000f0f80000, 0x0000000100000000)
  eden space 221696K, 0% used [0x00000000e0000000,0x00000000e0000000,0x00000000ed880000)
  from space 25600K, 0% used [0x00000000ef380000,0x00000000ef380000,0x00000000f0c80000)
  to   space 27648K, 0% used [0x00000000ed880000,0x00000000ed880000,0x00000000ef380000)
 ParOldGen       total 104960K, used 48160K [0x00000000a0000000, 0x00000000a6680000, 0x00000000e0000000)
  object space 104960K, 45% used [0x00000000a0000000,0x00000000a2f08050,0x00000000a6680000)
 Metaspace       used 56637K, capacity 59034K, committed 59096K, reserved 1099776K
  class space    used 7682K, capacity 8178K, committed 8192K, reserved 1048576K
}
Event: 352.703 GC heap before
{Heap before GC invocations=16 (full 3):
 PSYoungGen      total 247296K, used 221696K [0x00000000e0000000, 0x00000000f0f80000, 0x0000000100000000)
  eden space 221696K, 100% used [0x00000000e0000000,0x00000000ed880000,0x00000000ed880000)
  from space 25600K, 0% used [0x00000000ef380000,0x00000000ef380000,0x00000000f0c80000)
  to   space 27648K, 0% used [0x00000000ed880000,0x00000000ed880000,0x00000000ef380000)
 ParOldGen       total 104960K, used 48160K [0x00000000a0000000, 0x00000000a6680000, 0x00000000e0000000)
  object space 104960K, 45% used [0x00000000a0000000,0x00000000a2f08050,0x00000000a6680000)
 Metaspace       used 60477K, capacity 63370K, committed 63576K, reserved 1103872K
  class space    used 8210K, capacity 8787K, committed 8832K, reserved 1048576K
Event: 352.716 GC heap after
Heap after GC invocations=16 (full 3):
 PSYoungGen      total 249344K, used 8045K [0x00000000e0000000, 0x00000000f4500000, 0x0000000100000000)
  eden space 221696K, 0% used [0x00000000e0000000,0x00000000e0000000,0x00000000ed880000)
  from space 27648K, 29% used [0x00000000ed880000,0x00000000ee05b6c0,0x00000000ef380000)
  to   space 26624K, 0% used [0x00000000f2b00000,0x00000000f2b00000,0x00000000f4500000)
 ParOldGen       total 104960K, used 48168K [0x00000000a0000000, 0x00000000a6680000, 0x00000000e0000000)
  object space 104960K, 45% used [0x00000000a0000000,0x00000000a2f0a050,0x00000000a6680000)
 Metaspace       used 60477K, capacity 63370K, committed 63576K, reserved 1103872K
  class space    used 8210K, capacity 8787K, committed 8832K, reserved 1048576K
}
Event: 361.163 GC heap before
{Heap before GC invocations=17 (full 3):
 PSYoungGen      total 249344K, used 229741K [0x00000000e0000000, 0x00000000f4500000, 0x0000000100000000)
  eden space 221696K, 100% used [0x00000000e0000000,0x00000000ed880000,0x00000000ed880000)
  from space 27648K, 29% used [0x00000000ed880000,0x00000000ee05b6c0,0x00000000ef380000)
  to   space 26624K, 0% used [0x00000000f2b00000,0x00000000f2b00000,0x00000000f4500000)
 ParOldGen       total 104960K, used 48168K [0x00000000a0000000, 0x00000000a6680000, 0x00000000e0000000)
  object space 104960K, 45% used [0x00000000a0000000,0x00000000a2f0a050,0x00000000a6680000)
 Metaspace       used 69697K, capacity 72858K, committed 73048K, reserved 1112064K
  class space    used 9178K, capacity 9736K, committed 9856K, reserved 1048576K
Event: 361.190 GC heap after
Heap after GC invocations=17 (full 3):
 PSYoungGen      total 239616K, used 26603K [0x00000000e0000000, 0x00000000f4500000, 0x0000000100000000)
  eden space 212992K, 0% used [0x00000000e0000000,0x00000000e0000000,0x00000000ed000000)
  from space 26624K, 99% used [0x00000000f2b00000,0x00000000f44fac30,0x00000000f4500000)
  to   space 31232K, 0% used [0x00000000f0800000,0x00000000f0800000,0x00000000f2680000)
 ParOldGen       total 104960K, used 49511K [0x00000000a0000000, 0x00000000a6680000, 0x00000000e0000000)
  object space 104960K, 47% used [0x00000000a0000000,0x00000000a3059cc8,0x00000000a6680000)
 Metaspace       used 69697K, capacity 72858K, committed 73048K, reserved 1112064K
  class space    used 9178K, capacity 9736K, committed 9856K, reserved 1048576K
}
Event: 383.419 GC heap before
{Heap before GC invocations=18 (full 3):
 PSYoungGen      total 239616K, used 239595K [0x00000000e0000000, 0x00000000f4500000, 0x0000000100000000)
  eden space 212992K, 100% used [0x00000000e0000000,0x00000000ed000000,0x00000000ed000000)
  from space 26624K, 99% used [0x00000000f2b00000,0x00000000f44fac30,0x00000000f4500000)
  to   space 31232K, 0% used [0x00000000f0800000,0x00000000f0800000,0x00000000f2680000)
 ParOldGen       total 104960K, used 49511K [0x00000000a0000000, 0x00000000a6680000, 0x00000000e0000000)
  object space 104960K, 47% used [0x00000000a0000000,0x00000000a3059cc8,0x00000000a6680000)
 Metaspace       used 70442K, capacity 73558K, committed 73816K, reserved 1114112K
  class space    used 9211K, capacity 9778K, committed 9856K, reserved 1048576K
Event: 383.432 GC heap after
Heap after GC invocations=18 (full 3):
 PSYoungGen      total 211968K, used 7599K [0x00000000e0000000, 0x00000000f2b80000, 0x0000000100000000)
  eden space 204288K, 0% used [0x00000000e0000000,0x00000000e0000000,0x00000000ec780000)
  from space 7680K, 98% used [0x00000000f0800000,0x00000000f0f6bde0,0x00000000f0f80000)
  to   space 28672K, 0% used [0x00000000f0f80000,0x00000000f0f80000,0x00000000f2b80000)
 ParOldGen       total 104960K, used 54604K [0x00000000a0000000, 0x00000000a6680000, 0x00000000e0000000)
  object space 104960K, 52% used [0x00000000a0000000,0x00000000a3553330,0x00000000a6680000)
 Metaspace       used 70442K, capacity 73558K, committed 73816K, reserved 1114112K
  class space    used 9211K, capacity 9778K, committed 9856K, reserved 1048576K
}

Deoptimization events (10 events):
Event: 361.967 Thread 0x000000001c499000 Uncommon trap: reason=speculate_class_check action=maybe_recompile pc=0x0000000005378f7c method=com.android.dx.util.FixedSizeList.equals(Ljava/lang/Object;)Z @ 25
Event: 361.967 Thread 0x000000001c499000 Uncommon trap: reason=speculate_class_check action=maybe_recompile pc=0x0000000005378f7c method=com.android.dx.util.FixedSizeList.equals(Ljava/lang/Object;)Z @ 25
Event: 361.967 Thread 0x000000001c499000 Uncommon trap: reason=speculate_class_check action=maybe_recompile pc=0x0000000005378f7c method=com.android.dx.util.FixedSizeList.equals(Ljava/lang/Object;)Z @ 25
Event: 361.967 Thread 0x000000001c499000 Uncommon trap: reason=speculate_class_check action=maybe_recompile pc=0x0000000005378f7c method=com.android.dx.util.FixedSizeList.equals(Ljava/lang/Object;)Z @ 25
Event: 362.998 Thread 0x000000001c49c000 Uncommon trap: reason=bimorphic action=maybe_recompile pc=0x00000000040a2e74 method=java.io.DataInputStream.readUnsignedShort()I @ 4
Event: 362.998 Thread 0x000000001c49c000 Uncommon trap: reason=bimorphic action=maybe_recompile pc=0x00000000040a2e74 method=java.io.DataInputStream.readUnsignedShort()I @ 4
Event: 363.065 Thread 0x000000001c49c000 Uncommon trap: reason=bimorphic action=maybe_recompile pc=0x000000000361f47c method=java.util.AbstractList$Itr.next()Ljava/lang/Object; @ 14
Event: 383.913 Thread 0x000000001c49a800 Uncommon trap: reason=null_check action=make_not_entrant pc=0x0000000004b0adb0 method=org.gradle.api.internal.collections.CollectionFilter.filter(Ljava/lang/Object;)Ljava/lang/Object; @ 5
Event: 385.759 Thread 0x000000001c49a800 Uncommon trap: reason=class_check action=maybe_recompile pc=0x00000000043dc89c method=java.util.HashMap.removeNode(ILjava/lang/Object;Ljava/lang/Object;ZZ)Ljava/util/HashMap$Node; @ 143
Event: 386.243 Thread 0x000000001c49a800 Uncommon trap: reason=class_check action=maybe_recompile pc=0x00000000043dc89c method=java.util.HashMap.removeNode(ILjava/lang/Object;Ljava/lang/Object;ZZ)Ljava/util/HashMap$Node; @ 143

Internal exceptions (10 events):
Event: 361.295 Thread 0x000000001c4a0800 Implicit null exception at 0x00000000053624e2 to 0x00000000053625da
Event: 361.485 Thread 0x000000001c4a0800 Implicit null exception at 0x0000000004ce4fe8 to 0x0000000004ce695d
Event: 361.486 Thread 0x000000001c4a0800 Implicit null exception at 0x0000000004be0d69 to 0x0000000004be2439
Event: 363.207 Thread 0x000000001c49a800 Exception <a 'sun/nio/fs/WindowsException'> (0x00000000ebfd05b0) thrown at [C:\src\android\AOSP-openjdk\external\jetbrains\jdk\hotspot\src\share\vm\prims\jni.cpp, line 709]
Event: 383.206 Thread 0x000000001c49a800 Exception <a 'java/lang/ClassNotFoundException': asLocalRepo3201_390awca89c7mqglao862sxhk6BeanInfo> (0x00000000ec764048) thrown at [C:\src\android\AOSP-openjdk\external\jetbrains\jdk\hotspot\src\share\vm\classfile\systemDictionary.cpp, line 210]
Event: 383.207 Thread 0x000000001c49a800 Exception <a 'java/lang/ClassNotFoundException': asLocalRepo3201_390awca89c7mqglao862sxhk6Customizer> (0x00000000ec76f6d0) thrown at [C:\src\android\AOSP-openjdk\external\jetbrains\jdk\hotspot\src\share\vm\classfile\systemDictionary.cpp, line 210]
Event: 383.913 Thread 0x000000001c49a800 Implicit null exception at 0x0000000004b0ac63 to 0x0000000004b0ad9d
Event: 386.237 Thread 0x000000001c49a800 Exception <a 'sun/nio/fs/WindowsException'> (0x00000000e4db5820) thrown at [C:\src\android\AOSP-openjdk\external\jetbrains\jdk\hotspot\src\share\vm\prims\jni.cpp, line 709]
Event: 1069.178 Thread 0x000000001c49a800 Exception <a 'java/lang/ClassNotFoundException': asLocalRepo2993_avgpallo0yjzszmrbibfhzoz5BeanInfo> (0x00000000e599af18) thrown at [C:\src\android\AOSP-openjdk\external\jetbrains\jdk\hotspot\src\share\vm\classfile\systemDictionary.cpp, line 210]
Event: 1069.178 Thread 0x000000001c49a800 Exception <a 'java/lang/ClassNotFoundException': asLocalRepo2993_avgpallo0yjzszmrbibfhzoz5Customizer> (0x00000000e59a65a0) thrown at [C:\src\android\AOSP-openjdk\external\jetbrains\jdk\hotspot\src\share\vm\classfile\systemDictionary.cpp, line 210]

Events (10 events):
Event: 1070.281 Thread 0x0000000017cb0000 flushing nmethod 0x00000000049dbc10
Event: 1070.281 Thread 0x0000000017cb0000 flushing nmethod 0x00000000049dcb50
Event: 1070.281 Thread 0x0000000017cb0000 flushing nmethod 0x00000000049e1dd0
Event: 1070.299 Thread 0x0000000017cb0000 flushing nmethod 0x00000000053fc650
Event: 1070.299 Thread 0x0000000017cb0000 flushing nmethod 0x0000000005435950
Event: 1070.301 Thread 0x0000000017ca9000 flushing nmethod 0x00000000056af590
Event: 1070.301 Thread 0x0000000017ca9000 flushing nmethod 0x00000000056b9310
Event: 1070.301 Thread 0x0000000017ca9000 flushing nmethod 0x0000000005740a90
Event: 1070.301 Thread 0x0000000017ca9000 flushing nmethod 0x000000000574b6d0
Event: 1070.301 Thread 0x0000000017ca9000 flushing nmethod 0x000000000578e8d0


Dynamic libraries:
0x00007ff6429b0000 - 0x00007ff6429e1000 	G:\AndroidStudio\新建文件夹\jre\bin\java.exe
0x00007ff9cb230000 - 0x00007ff9cb40b000 	C:\WINDOWS\SYSTEM32\ntdll.dll
0x00007ff9c9a20000 - 0x00007ff9c9ace000 	C:\WINDOWS\System32\KERNEL32.DLL
0x00007ff9c8470000 - 0x00007ff9c86b9000 	C:\WINDOWS\System32\KERNELBASE.dll
0x00007ff9c9960000 - 0x00007ff9c9a01000 	C:\WINDOWS\System32\ADVAPI32.dll
0x00007ff9c9350000 - 0x00007ff9c93ed000 	C:\WINDOWS\System32\msvcrt.dll
0x00007ff9c8be0000 - 0x00007ff9c8c39000 	C:\WINDOWS\System32\sechost.dll
0x00007ff9c9830000 - 0x00007ff9c9955000 	C:\WINDOWS\System32\RPCRT4.dll
0x00007ff9c9030000 - 0x00007ff9c917a000 	C:\WINDOWS\System32\USER32.dll
0x00007ff9c86c0000 - 0x00007ff9c86de000 	C:\WINDOWS\System32\win32u.dll
0x00007ff9c9180000 - 0x00007ff9c91a7000 	C:\WINDOWS\System32\GDI32.dll
0x00007ff9c7750000 - 0x00007ff9c78d8000 	C:\WINDOWS\System32\gdi32full.dll
0x00007ff9c78e0000 - 0x00007ff9c797a000 	C:\WINDOWS\System32\msvcp_win.dll
0x00007ff9c79f0000 - 0x00007ff9c7ae6000 	C:\WINDOWS\System32\ucrtbase.dll
0x00007ff9b45a0000 - 0x00007ff9b4807000 	C:\WINDOWS\WinSxS\amd64_microsoft.windows.common-controls_6595b64144ccf1df_6.0.15063.0_none_108e4f62dfe5d999\COMCTL32.dll
0x00007ff9c8790000 - 0x00007ff9c8a89000 	C:\WINDOWS\System32\combase.dll
0x00007ff9c7980000 - 0x00007ff9c79ea000 	C:\WINDOWS\System32\bcryptPrimitives.dll
0x00007ff9c8a90000 - 0x00007ff9c8abd000 	C:\WINDOWS\System32\IMM32.DLL
0x00000000600a0000 - 0x0000000060172000 	G:\AndroidStudio\新建文件夹\jre\jre\bin\msvcr100.dll
0x000000005f610000 - 0x000000005fe4c000 	G:\AndroidStudio\新建文件夹\jre\jre\bin\server\jvm.dll
0x00007ff9c8c40000 - 0x00007ff9c8c48000 	C:\WINDOWS\System32\PSAPI.DLL
0x00007ff9ba900000 - 0x00007ff9ba923000 	C:\WINDOWS\SYSTEM32\WINMM.dll
0x00007ff9c09b0000 - 0x00007ff9c09ba000 	C:\WINDOWS\SYSTEM32\VERSION.dll
0x00007ff9c5d40000 - 0x00007ff9c5d49000 	C:\WINDOWS\SYSTEM32\WSOCK32.dll
0x00007ff9cb160000 - 0x00007ff9cb1cc000 	C:\WINDOWS\System32\WS2_32.dll
0x00007ff9ba8d0000 - 0x00007ff9ba8fb000 	C:\WINDOWS\SYSTEM32\WINMMBASE.dll
0x00007ff9c7af0000 - 0x00007ff9c7b39000 	C:\WINDOWS\System32\cfgmgr32.dll
0x00007ff9c5d10000 - 0x00007ff9c5d1f000 	G:\AndroidStudio\新建文件夹\jre\jre\bin\verify.dll
0x00007ff9c58a0000 - 0x00007ff9c58c9000 	G:\AndroidStudio\新建文件夹\jre\jre\bin\java.dll
0x00007ff9c5cf0000 - 0x00007ff9c5d06000 	G:\AndroidStudio\新建文件夹\jre\jre\bin\zip.dll
0x00007ff9c9cc0000 - 0x00007ff9cb0f7000 	C:\WINDOWS\System32\SHELL32.dll
0x00007ff9c8f80000 - 0x00007ff9c902a000 	C:\WINDOWS\System32\shcore.dll
0x00007ff9c7ba0000 - 0x00007ff9c8292000 	C:\WINDOWS\System32\windows.storage.dll
0x00007ff9cb100000 - 0x00007ff9cb151000 	C:\WINDOWS\System32\shlwapi.dll
0x00007ff9c7710000 - 0x00007ff9c7721000 	C:\WINDOWS\System32\kernel.appcore.dll
0x00007ff9c76a0000 - 0x00007ff9c76ec000 	C:\WINDOWS\System32\powrprof.dll
0x00007ff9c76f0000 - 0x00007ff9c7705000 	C:\WINDOWS\System32\profapi.dll
0x00007ff9c4b90000 - 0x00007ff9c4baa000 	G:\AndroidStudio\新建文件夹\jre\jre\bin\net.dll
0x00007ff9c6fb0000 - 0x00007ff9c700c000 	C:\WINDOWS\system32\mswsock.dll
0x00007ff9c4b70000 - 0x00007ff9c4b81000 	G:\AndroidStudio\新建文件夹\jre\jre\bin\nio.dll
0x00007ff9bd3a0000 - 0x00007ff9bd3be000 	C:\Users\QiuChenly\.gradle\native\23\windows-amd64\native-platform.dll
0x00007ff9c7150000 - 0x00007ff9c7167000 	C:\WINDOWS\SYSTEM32\CRYPTSP.dll
0x00007ff9c6b70000 - 0x00007ff9c6ba4000 	C:\WINDOWS\system32\rsaenh.dll
0x00007ff9c7260000 - 0x00007ff9c7285000 	C:\WINDOWS\SYSTEM32\bcrypt.dll
0x00007ff9c75d0000 - 0x00007ff9c75f9000 	C:\WINDOWS\SYSTEM32\USERENV.dll
0x00007ff9c7170000 - 0x00007ff9c717b000 	C:\WINDOWS\SYSTEM32\CRYPTBASE.dll
0x00007ff9c6d50000 - 0x00007ff9c6d87000 	C:\WINDOWS\SYSTEM32\IPHLPAPI.DLL
0x00007ff9c9a10000 - 0x00007ff9c9a18000 	C:\WINDOWS\System32\NSI.dll
0x00007ff9c3a60000 - 0x00007ff9c3a76000 	C:\WINDOWS\SYSTEM32\dhcpcsvc6.DLL
0x00007ff9c3a40000 - 0x00007ff9c3a5a000 	C:\WINDOWS\SYSTEM32\dhcpcsvc.DLL
0x00007ff9c5890000 - 0x00007ff9c589d000 	G:\AndroidStudio\新建文件夹\jre\jre\bin\management.dll
0x00007ff9bdd50000 - 0x00007ff9bdd74000 	G:\AndroidStudio\新建文件夹\jre\jre\bin\sunec.dll
0x00007ff9c47a0000 - 0x00007ff9c47ab000 	G:\AndroidStudio\新建文件夹\jre\jre\bin\sunmscapi.dll
0x00007ff9c82a0000 - 0x00007ff9c8469000 	C:\WINDOWS\System32\CRYPT32.dll
0x00007ff9c7730000 - 0x00007ff9c7741000 	C:\WINDOWS\System32\MSASN1.dll

VM Arguments:
jvm_args: -Xmx1536m -Dfile.encoding=GBK -Duser.country=US -Duser.language=en -Duser.variant 
java_command: org.gradle.launcher.daemon.bootstrap.GradleDaemon 3.3
java_class_path (initial): C:\Users\QiuChenly\.gradle\wrapper\dists\gradle-3.3-all\55gk2rcmfc6p2dg9u9ohc3hw9\gradle-3.3\lib\gradle-launcher-3.3.jar
Launcher Type: SUN_STANDARD

Environment Variables:
JAVA_HOME=C:\Program Files\Java\jdk1.8.0_131
CLASSPATH=.;C:\Program Files\Java\jdk1.8.0_131\lib;C:\Program Files\Java\jdk1.8.0_131\lib\tools.jar
PATH=C:\Program Files\Java\jdk1.8.0_131\bin;C:\Program Files\Java\jdk1.8.0_131\jre\bin;C:\ProgramData\Oracle\Java\javapath;C:\Program Files\Microsoft MPI\Bin\;C:\WINDOWS\system32;C:\WINDOWS;C:\WINDOWS\System32\Wbem;C:\WINDOWS\System32\WindowsPowerShell\v1.0\;C:\Program Files\nodejs\;C:\Program Files\Git\cmd;C:\Program Files\Microsoft SQL Server\130\Tools\Binn\;C:\Program Files\Anaconda3;C:\Program Files\Anaconda3\Scripts;C:\Program Files\Anaconda3\Library\bin;C:\Program Files\dotnet\;C:\Users\QiuChenly\.dnx\bin;C:\Program Files\Microsoft DNX\Dnvm\;C:\Program Files\Microsoft SQL Server\120\Tools\Binn\;C:\Users\QiuChenly\bin\Sencha\Cmd;;C:\Program Files (x86)\Microsoft VS Code\bin;C:\Users\QiuChenly\AppData\Roaming\npm;%USERPROFILE%\AppData\Local\Microsoft\WindowsApps
USERNAME=QiuChenly
OS=Windows_NT
PROCESSOR_IDENTIFIER=Intel64 Family 6 Model 94 Stepping 3, GenuineIntel



---------------  S Y S T E M  ---------------

OS: Windows 10.0 , 64 bit Build 15063 (10.0.15063.296)

CPU:total 4 (4 cores per cpu, 1 threads per core) family 6 model 94 stepping 3, cmov, cx8, fxsr, mmx, sse, sse2, sse3, ssse3, sse4.1, sse4.2, popcnt, avx, avx2, aes, clmul, erms, rtm, 3dnowpref, lzcnt, tsc, tscinvbit, bmi1, bmi2, adx

Memory: 4k page, physical 4142032k(245772k free), swap 5575632k(4508k free)

vm_info: OpenJDK 64-Bit Server VM (25.112-b06) for windows-amd64 JRE (1.8.0_112-release-b06), built on Dec  8 2016 00:54:26 by "builder" with MS VC++ 10.0 (VS2010)

time: Sun Jun 18 11:38:55 2017
elapsed time: 1070 seconds (0d 0h 17m 50s)

